INFO root 08/15/24-19:14:06 logging_formatted.py 11 this is information
WARNING root 08/15/24-19:14:06 logging_formatted.py 12 this is a warning
ERROR root 08/15/24-19:14:06 logging_formatted.py 13 this is an ERROR
ERROR root 08/15/24-19:14:06 logging_formatted.py 15 Invalid value 38.7
INFO root 08/15/24-19:14:06 logging_formatted.py 16 this is information
CRITICAL root 08/15/24-19:14:06 logging_formatted.py 17 this is critical
INFO root 08/15/24-19:14:07 logging_formatted.py 11 this is information
WARNING root 08/15/24-19:14:07 logging_formatted.py 12 this is a warning
ERROR root 08/15/24-19:14:07 logging_formatted.py 13 this is an ERROR
ERROR root 08/15/24-19:14:07 logging_formatted.py 15 Invalid value 38.7
INFO root 08/15/24-19:14:07 logging_formatted.py 16 this is information
CRITICAL root 08/15/24-19:14:07 logging_formatted.py 17 this is critical
INFO root 08/15/24-19:14:08 logging_formatted.py 11 this is information
WARNING root 08/15/24-19:14:08 logging_formatted.py 12 this is a warning
ERROR root 08/15/24-19:14:08 logging_formatted.py 13 this is an ERROR
ERROR root 08/15/24-19:14:08 logging_formatted.py 15 Invalid value 38.7
INFO root 08/15/24-19:14:08 logging_formatted.py 16 this is information
CRITICAL root 08/15/24-19:14:08 logging_formatted.py 17 this is critical
INFO root 08/15/24-19:14:08 logging_formatted.py 11 this is information
WARNING root 08/15/24-19:14:08 logging_formatted.py 12 this is a warning
ERROR root 08/15/24-19:14:08 logging_formatted.py 13 this is an ERROR
ERROR root 08/15/24-19:14:08 logging_formatted.py 15 Invalid value 38.7
INFO root 08/15/24-19:14:08 logging_formatted.py 16 this is information
CRITICAL root 08/15/24-19:14:08 logging_formatted.py 17 this is critical
INFO	root	08/15/24-19:15:25	logging_formatted.py	11	this is information
WARNING	root	08/15/24-19:15:25	logging_formatted.py	12	this is a warning
ERROR	root	08/15/24-19:15:25	logging_formatted.py	13	this is an ERROR
ERROR	root	08/15/24-19:15:25	logging_formatted.py	15	Invalid value 38.7
INFO	root	08/15/24-19:15:25	logging_formatted.py	16	this is information
CRITICAL	root	08/15/24-19:15:25	logging_formatted.py	17	this is critical
INFO	root	08/15/24-19:15:26	logging_formatted.py	11	this is information
WARNING	root	08/15/24-19:15:26	logging_formatted.py	12	this is a warning
ERROR	root	08/15/24-19:15:26	logging_formatted.py	13	this is an ERROR
ERROR	root	08/15/24-19:15:26	logging_formatted.py	15	Invalid value 38.7
INFO	root	08/15/24-19:15:26	logging_formatted.py	16	this is information
CRITICAL	root	08/15/24-19:15:26	logging_formatted.py	17	this is critical
INFO	root	08/15/24-19:15:27	logging_formatted.py	11	this is information
WARNING	root	08/15/24-19:15:27	logging_formatted.py	12	this is a warning
ERROR	root	08/15/24-19:15:27	logging_formatted.py	13	this is an ERROR
ERROR	root	08/15/24-19:15:27	logging_formatted.py	15	Invalid value 38.7
INFO	root	08/15/24-19:15:27	logging_formatted.py	16	this is information
CRITICAL	root	08/15/24-19:15:27	logging_formatted.py	17	this is critical
